<?xml version="1.0" encoding="UTF-8"?>
<!-- Generated by org.testng.reporters.JUnitReportReporter -->
<testsuite hostname="DESKTOP-JG3LHDO" failures="0" tests="1" name="com.sample.testScripts.TestScript1" time="0.028" errors="0" timestamp="2024-07-26T15:23:42 IST" skipped="0">
  <testcase classname="com.sample.testScripts.TestScript1" name="executeScript" time="0.028">
    <system-out>
      <![CDATA[Execute successfully]]>
    </system-out>
  </testcase> <!-- executeScript -->
  <system-out>
    <![CDATA[Execute successfully]]>
  </system-out>
</testsuite> <!-- com.sample.testScripts.TestScript1 -->
